<?xml version="1.0" encoding="UTF-8"?>
<testng-results skipped="0" failed="0" total="1" passed="1">
  <reporter-output>
  </reporter-output>
  <suite name="Default suite" duration-ms="157" started-at="2019-12-06T08:05:31Z" finished-at="2019-12-06T08:05:31Z">
    <groups>
    </groups>
    <test name="Default test" duration-ms="157" started-at="2019-12-06T08:05:31Z" finished-at="2019-12-06T08:05:31Z">
      <class name="DriverFactory.AppTest">
        <test-method status="PASS" signature="f()[pri:0, instance:DriverFactory.AppTest@271053e1]" name="f" duration-ms="58" started-at="2019-12-06T13:35:31Z" finished-at="2019-12-06T13:35:31Z">
          <reporter-output>
          </reporter-output>
        </test-method> <!-- f -->
      </class> <!-- DriverFactory.AppTest -->
    </test> <!-- Default test -->
  </suite> <!-- Default suite -->
</testng-results>
